sample/build/intermediates/aapt_proguard_file/release/aapt_rules.txt
# Referenced at merged_manifests\release\AndroidManifest.xml:50
-keep class androidx.core.app.CoreComponentFactory { <init>(); }
# Referenced at merged_manifests\release\AndroidManifest.xml:50
-keep class androidx.multidex.MultiDexApplication { <init>(); }
# Referenced at merged_manifests\release\AndroidManifest.xml:152
-keep class com.zipow.videobox.CallInActivity { <init>(); }
# Referenced at merged_manifests\release\AndroidManifest.xml:133
-keep class com.zipow.videobox.ConfActivityNormal { <init>(); }
# Referenced at merged_manifests\release\AndroidManifest.xml:148
-keep class com.zipow.videobox.ConfChatActivityOld { <init>(); }
# Referenced at merged_manifests\release\AndroidManifest.xml:143
-keep class com.zipow.videobox.InMeetingSettingsActivity { <init>(); }
# Referenced at merged_manifests\release\AndroidManifest.xml:118
-keep class com.zipow.videobox.IntegrationActivity { <init>(); }
# Referenced at merged_manifests\release\AndroidManifest.xml:113
-keep class com.zipow.videobox.JoinByURLActivity { <init>(); }
# Referenced at merged_manifests\release\AndroidManifest.xml:128
-keep class com.zipow.videobox.JoinMeetingFailActivity { <init>(); }
# Referenced at merged_manifests\release\AndroidManifest.xml:123
-keep class com.zipow.videobox.MeetingEndMessageActivity { <init>(); }
# Referenced at merged_manifests\release\AndroidManifest.xml:191
-keep class com.zipow.videobox.OnClearFromRecentService { <init>(); }
# Referenced at merged_manifests\release\AndroidManifest.xml:138
-keep class com.zipow.videobox.PListActivity { <init>(); }
# Referenced at merged_manifests\release\AndroidManifest.xml:156
-keep class com.zipow.videobox.SimpleActivity { <init>(); }
# Referenced at merged_manifests\release\AndroidManifest.xml:161
-keep class com.zipow.videobox.SimpleInMeetingActivity { <init>(); }
# Referenced at merged_manifests\release\AndroidManifest.xml:187
-keep class com.zipow.videobox.kubi.KubiService { <init>(); }
# Referenced at merged_manifests\release\AndroidManifest.xml:166
-keep class com.zipow.videobox.poll.PollingActivity { <init>(); }
# Referenced at merged_manifests\release\AndroidManifest.xml:174
-keep class com.zipow.videobox.poll.PollingResultActivity { <init>(); }
# Referenced at merged_manifests\release\AndroidManifest.xml:170
-keep class com.zipow.videobox.poll.WebinarPollingActivity { <init>(); }
# Referenced at merged_manifests\release\AndroidManifest.xml:178
-keep class com.zipow.videobox.poll.WebinarPollingResultActivity { <init>(); }
# Referenced at merged_manifests\release\AndroidManifest.xml:194
-keep class com.zipow.videobox.share.ScreenShareServiceForSDK { <init>(); }
# Referenced at merged_manifests\release\AndroidManifest.xml:182
-keep class us.zoom.androidlib.app.ZMFileListActivity { <init>(); }
# Referenced at merged_manifests\release\AndroidManifest.xml:72
-keep class us.zoom.sdksample.ScreenRecordService { <init>(); }
# Referenced at merged_manifests\release\AndroidManifest.xml:98
-keep class us.zoom.sdksample.inmeetingfunction.customizedmeetingui.MyMeetingActivity { <init>(); }
# Referenced at merged_manifests\release\AndroidManifest.xml:103
-keep class us.zoom.sdksample.inmeetingfunction.customizedmeetingui.RawDataMeetingActivity { <init>(); }
# Referenced at merged_manifests\release\AndroidManifest.xml:108
-keep class us.zoom.sdksample.inmeetingfunction.zoommeetingui.CustomZoomUIActivity { <init>(); }
# Referenced at merged_manifests\release\AndroidManifest.xml:87
-keep class us.zoom.sdksample.ui.EmailUserLoginActivity { <init>(); }
# Referenced at merged_manifests\release\AndroidManifest.xml:58
-keep class us.zoom.sdksample.ui.InitAuthSDKActivity { <init>(); }
# Referenced at merged_manifests\release\AndroidManifest.xml:76
-keep class us.zoom.sdksample.ui.LoginUserStartJoinMeetingActivity { <init>(); }
# Referenced at merged_manifests\release\AndroidManifest.xml:55
-keep class us.zoom.sdksample.ui.signup { <init>(); }
# Referenced at res\layout\abc_alert_dialog_button_bar_material.xml:43
# Referenced at res\layout\abc_alert_dialog_material.xml:52
# Referenced at res\layout\abc_alert_dialog_title_material.xml:57
# Referenced at res\layout\mtrl_alert_dialog.xml:51
# Referenced at res\layout\mtrl_alert_dialog_actions.xml:45
# Referenced at res\layout\mtrl_alert_dialog_title.xml:41
# Referenced at res\layout\zm_confview.xml:210
-keep class android.widget.Space { <init>(...); }

# Referenced at res\layout\abc_select_dialog_material.xml:23
-keep class androidx.appcompat.app.AlertController$RecycleListView { <init>(...); }

# Referenced at res\layout\abc_action_menu_item_layout.xml:17
-keep class androidx.appcompat.view.menu.ActionMenuItemView { <init>(...); }

# Referenced at res\layout\abc_expanded_menu_layout.xml:17
-keep class androidx.appcompat.view.menu.ExpandedMenuView { <init>(...); }

# Referenced at res\layout\abc_cascading_menu_item_layout.xml:20
# Referenced at res\layout\abc_list_menu_item_layout.xml:17
# Referenced at res\layout\abc_popup_menu_item_layout.xml:17
-keep class androidx.appcompat.view.menu.ListMenuItemView { <init>(...); }

# Referenced at res\layout\abc_screen_toolbar.xml:27
-keep class androidx.appcompat.widget.ActionBarContainer { <init>(...); }

# Referenced at res\layout\abc_action_mode_bar.xml:19
# Referenced at res\layout\abc_screen_toolbar.xml:43
-keep class androidx.appcompat.widget.ActionBarContextView { <init>(...); }

# Referenced at res\layout\abc_screen_toolbar.xml:17
-keep class androidx.appcompat.widget.ActionBarOverlayLayout { <init>(...); }

# Referenced at res\layout\abc_action_menu_layout.xml:17
-keep class androidx.appcompat.widget.ActionMenuView { <init>(...); }

# Referenced at res\layout\abc_activity_chooser_view.xml:19
-keep class androidx.appcompat.widget.ActivityChooserView$InnerLayout { <init>(...); }

# Referenced at res\layout\abc_alert_dialog_material.xml:18
# Referenced at res\layout\mtrl_alert_dialog.xml:17
-keep class androidx.appcompat.widget.AlertDialogLayout { <init>(...); }

# Referenced at res\layout\abc_alert_dialog_button_bar_material.xml:26
# Referenced at res\layout\mtrl_alert_dialog_actions.xml:26
-keep class androidx.appcompat.widget.ButtonBarLayout { <init>(...); }

# Referenced at res\layout\abc_screen_content_include.xml:19
-keep class androidx.appcompat.widget.ContentFrameLayout { <init>(...); }

# Referenced at res\layout\abc_alert_dialog_title_material.xml:45
# Referenced at res\layout\mtrl_alert_dialog_title.xml:36
-keep class androidx.appcompat.widget.DialogTitle { <init>(...); }

# Referenced at res\layout\abc_screen_simple_overlay_action_mode.xml:23
-keep class androidx.appcompat.widget.FitWindowsFrameLayout { <init>(...); }

# Referenced at res\layout\abc_dialog_title_material.xml:22
# Referenced at res\layout\abc_screen_simple.xml:17
-keep class androidx.appcompat.widget.FitWindowsLinearLayout { <init>(...); }

# Referenced at res\layout\abc_search_view.xml:75
-keep class androidx.appcompat.widget.SearchView$SearchAutoComplete { <init>(...); }

# Referenced at res\layout\abc_screen_toolbar.xml:36
-keep class androidx.appcompat.widget.Toolbar { <init>(...); }

# Referenced at res\layout\abc_screen_simple.xml:25
# Referenced at res\layout\abc_screen_simple_overlay_action_mode.xml:32
-keep class androidx.appcompat.widget.ViewStubCompat { <init>(...); }

# Referenced at res\layout\zm_cardview_webinar_practice_session.xml:2
# Referenced at res\layout\zm_fragment_phone_pbx_tab.xml:236
# Referenced at res\layout\zm_mm_reaction_emoji_sample_view.xml:11
# Referenced at res\layout\zm_sip_call_indicator_status_pop.xml:2
# Referenced at res\layout\zm_sip_call_monitor_status_pop.xml:2
# Referenced at res\layout\zm_sip_float_window.xml:2
-keep class androidx.cardview.widget.CardView { <init>(...); }

# Referenced at res\layout\zm_pbx_message_session.xml:48
-keep class androidx.constraintlayout.widget.Barrier { <init>(...); }

# Referenced at res\layout\activity_signup.xml:2
# Referenced at res\layout\zm_chat_input_operation_item.xml:2
# Referenced at res\layout\zm_fragment_pbx_sms.xml:9
# Referenced at res\layout\zm_pbx_handoff_room_info.xml:2
# Referenced at res\layout\zm_pbx_message_session.xml:2
# Referenced at res\layout\zm_shared_line_call_item.xml:2
# Referenced at res\layout\zm_shared_line_item.xml:2
# Referenced at res\layout\zm_shared_line_monitor_call_item.xml:2
# Referenced at res\layout\zm_shared_line_parked_call_item.xml:2
# Referenced at res\layout\zm_shared_line_user_item.xml:2
# Referenced at res\layout\zm_sip_income_emergency.xml:2
# Referenced at res\layout\zm_verify_sms_code_view.xml:2
-keep class androidx.constraintlayout.widget.ConstraintLayout { <init>(...); }

# Referenced at res\layout\zm_shared_line_user_item.xml:11
-keep class androidx.constraintlayout.widget.Guideline { <init>(...); }

# Referenced at res\layout\design_bottom_sheet_dialog.xml:26
# Referenced at res\layout\zm_view_pager_bottom_sheet_dialog.xml:2
-keep class androidx.coordinatorlayout.widget.CoordinatorLayout { <init>(...); }

# Referenced at res\layout\abc_alert_dialog_material.xml:41
# Referenced at res\layout\mtrl_alert_dialog.xml:40
# Referenced at res\layout\zm_addrbook_item_details.xml:92
# Referenced at res\layout\zm_in_meeting_info_bottom_sheet.xml:2
# Referenced at res\layout\zm_layout_mfa_try_another_bottom_sheet.xml:10
# Referenced at res\layout\zm_meeting_report_issues.xml:50
# Referenced at res\layout\zm_meeting_report_issues_content.xml:137
# Referenced at res\layout\zm_more_bottom_sheet.xml:25
# Referenced at res\layout\zm_plist_more_bottom_sheet.xml:2
# Referenced at res\layout\zm_reaction_emoji_detail_list_fragment.xml:2
# Referenced at res\layout\zm_share_bottom_sheet.xml:2
-keep class androidx.core.widget.NestedScrollView { <init>(...); }

# Referenced at res\layout\activity_rawdata.xml:34
# Referenced at res\layout\fragment_content_file_chat_list.xml:31
# Referenced at res\layout\layout_video_list.xml:7
# Referenced at res\layout\mtrl_calendar_horizontal.xml:29
# Referenced at res\layout\mtrl_calendar_months.xml:18
# Referenced at res\layout\my_meeting_layout.xml:57
# Referenced at res\layout\zm_addrbook_item_details.xml:165
# Referenced at res\layout\zm_audio_option.xml:44
# Referenced at res\layout\zm_chat_input.xml:40
# Referenced at res\layout\zm_context_menu_dialog.xml:6
# Referenced at res\layout\zm_data_regions_option.xml:44
# Referenced at res\layout\zm_item_audio_option.xml:15
# Referenced at res\layout\zm_mm_emoji_common_panel.xml:486
# Referenced at res\layout\zm_mm_session_members.xml:99
# Referenced at res\layout\zm_multi_pages_for_whiteboard.xml:47
# Referenced at res\layout\zm_pbx_sms_conversation_members.xml:37
# Referenced at res\layout\zm_phone_label_list.xml:26
# Referenced at res\layout\zm_picker_fragment_image_pager.xml:66
# Referenced at res\layout\zm_picker_fragment_photo_picker.xml:10
# Referenced at res\layout\zm_qa_tab_question.xml:33
# Referenced at res\layout\zm_reaction_emoji_detail_list_fragment.xml:13
# Referenced at res\layout\zm_recyclerview_dialog.xml:2
# Referenced at res\layout\zm_recyclerview_dialog_switch_audio.xml:2
# Referenced at res\layout\zm_schedule_p_popview.xml:7
# Referenced at res\layout\zm_sip_pbx_history_expand_item.xml:107
-keep class androidx.recyclerview.widget.RecyclerView { <init>(...); }

# Referenced at res\layout\zm_live_transcript.xml:45
# Referenced at res\layout\zm_mm_comment.xml:104
# Referenced at res\layout\zm_mm_thread.xml:252
# Referenced at res\layout\zm_pbx_sms.xml:240
-keep class androidx.swiperefreshlayout.widget.SwipeRefreshLayout { <init>(...); }

# Referenced at res\layout\activity_mmimage_list.xml:8
# Referenced at res\layout\activity_starred.xml:83
# Referenced at res\layout\zm_mm_contents_viewer.xml:3
# Referenced at res\layout\zm_pbx_contents_viewer.xml:3
# Referenced at res\layout\zm_picker_fragment_image_pager.xml:6
# Referenced at res\layout\zm_welcome_new.xml:39
-keep class androidx.viewpager.widget.ViewPager { <init>(...); }

# Referenced at res\layout\zm_content_file_viewer.xml:21
# Referenced at res\layout\zm_pbx_content_preview.xml:19
-keep class com.davemorrissey.labs.subscaleview.SubsamplingScaleImageView { <init>(...); }

# Referenced at res\layout\zm_panel_float_btn.xml:2
-keep class com.google.android.flexbox.FlexboxLayout { <init>(...); }

# Referenced at res\layout\test_toolbar.xml:16
# Referenced at res\layout\test_toolbar_custom_background.xml:16
# Referenced at res\layout\test_toolbar_elevation.xml:16
# Referenced at res\layout\test_toolbar_surface.xml:16
-keep class com.google.android.material.appbar.MaterialToolbar { <init>(...); }

# Referenced at res\layout\mtrl_calendar_month_navigation.xml:32
# Referenced at res\layout\mtrl_picker_header_fullscreen.xml:36
-keep class com.google.android.material.button.MaterialButton { <init>(...); }

# Referenced at res\layout\test_action_chip.xml:17
# Referenced at res\layout\test_reflow_chipgroup.xml:25
-keep class com.google.android.material.chip.Chip { <init>(...); }

# Referenced at res\layout\test_reflow_chipgroup.xml:19
-keep class com.google.android.material.chip.ChipGroup { <init>(...); }

# Referenced at res\layout\mtrl_calendar_month.xml:18
-keep class com.google.android.material.datepicker.MaterialCalendarGridView { <init>(...); }

# Referenced at res\layout\design_bottom_navigation_item.xml:27
-keep class com.google.android.material.internal.BaselineLayout { <init>(...); }

# Referenced at res\layout\design_text_input_end_icon.xml:18
# Referenced at res\layout\design_text_input_start_icon.xml:18
# Referenced at res\layout\mtrl_picker_header_toggle.xml:18
-keep class com.google.android.material.internal.CheckableImageButton { <init>(...); }

# Referenced at res\layout\design_navigation_item.xml:17
-keep class com.google.android.material.internal.NavigationMenuItemView { <init>(...); }

# Referenced at res\layout\design_navigation_menu.xml:17
-keep class com.google.android.material.internal.NavigationMenuView { <init>(...); }

# Referenced at res\layout\design_layout_snackbar.xml:18
# Referenced at res\layout\mtrl_layout_snackbar.xml:18
-keep class com.google.android.material.snackbar.Snackbar$SnackbarLayout { <init>(...); }

# Referenced at res\layout\design_layout_snackbar_include.xml:18
# Referenced at res\layout\mtrl_layout_snackbar_include.xml:18
-keep class com.google.android.material.snackbar.SnackbarContentLayout { <init>(...); }

# Referenced at res\layout\fragment_im_search_tab.xml:46
# Referenced at res\layout\zm_reaction_emoji_detail_dialog.xml:8
-keep class com.google.android.material.tabs.TabLayout { <init>(...); }

# Referenced at res\layout\mtrl_picker_text_input_date.xml:31
# Referenced at res\layout\mtrl_picker_text_input_date_range.xml:32
-keep class com.google.android.material.textfield.TextInputEditText { <init>(...); }

# Referenced at res\layout\mtrl_picker_text_input_date.xml:26
# Referenced at res\layout\mtrl_picker_text_input_date_range.xml:26
-keep class com.google.android.material.textfield.TextInputLayout { <init>(...); }

# Referenced at res\layout\text_view_with_line_height_from_appearance.xml:17
# Referenced at res\layout\text_view_with_line_height_from_layout.xml:17
# Referenced at res\layout\text_view_with_line_height_from_style.xml:17
# Referenced at res\layout\text_view_with_theme_line_height.xml:17
# Referenced at res\layout\text_view_without_line_height.xml:17
-keep class com.google.android.material.textview.MaterialTextView { <init>(...); }

# Referenced at res\layout\zm_share_draw_view.xml:55
-keep class com.zipow.annotate.AnnotateView { <init>(...); }

# Referenced at res\layout\zm_multi_pages_for_whiteboard_item.xml:2
-keep class com.zipow.annotate.annoMultiPage.RectangleItemLayout { <init>(...); }

# Referenced at res\layout\zm_panel_record_live_audiomark_bandwith.xml:40
-keep class com.zipow.videobox.confapp.meeting.confhelper.ZmAudioWaterMarkBtn { <init>(...); }

# Referenced at res\layout\zm_panel_record_live_audiomark_bandwith.xml:28
-keep class com.zipow.videobox.confapp.meeting.confhelper.ZmBandwidthLimitBtn { <init>(...); }

# Referenced at res\layout\zm_panel_record_live_audiomark_bandwith.xml:21
-keep class com.zipow.videobox.confapp.meeting.confhelper.ZmLiveStreamBtn { <init>(...); }

# Referenced at res\layout\zm_panel_float_btn.xml:13
-keep class com.zipow.videobox.confapp.meeting.confhelper.ZmPollButton { <init>(...); }

# Referenced at res\layout\zm_panel_record_live_audiomark_bandwith.xml:14
-keep class com.zipow.videobox.confapp.meeting.confhelper.ZmRecordingBtn { <init>(...); }

# Referenced at res\layout\zm_confview.xml:437
-keep class com.zipow.videobox.confapp.meeting.confhelper.ZmStartRecordingPanel { <init>(...); }

# Referenced at res\layout\zm_panel_record_live_audiomark_bandwith.xml:51
-keep class com.zipow.videobox.confapp.meeting.confhelper.ZmUnmuteBtn { <init>(...); }

# Referenced at res\layout\zm_setting_meeting.xml:474
-keep class com.zipow.videobox.kubi.SettingMeetingKubiItem { <init>(...); }

# Referenced at res\layout\zm_view_china_login.xml:2
-keep class com.zipow.videobox.login.view.ZmChinaLoginPanel { <init>(...); }

# Referenced at res\layout\zm_view_international_login.xml:2
-keep class com.zipow.videobox.login.view.ZmInternationalLoginPanel { <init>(...); }

# Referenced at res\layout\zm_view_cloudswitch.xml:2
-keep class com.zipow.videobox.login.view.ZmSsoCloudSwitchPanel { <init>(...); }

# Referenced at res\layout\zm_layout_mfa_auth.xml:93
-keep class com.zipow.videobox.login.view.ZmVerifySmsCodeView { <init>(...); }

# Referenced at res\layout\zm_message_template.xml:107
# Referenced at res\layout\zm_mm_message_template_fields_item.xml:28
# Referenced at res\layout\zm_mm_message_template_message_item.xml:18
# Referenced at res\layout\zm_mm_message_template_section.xml:44
-keep class com.zipow.videobox.markdown.RoundedSpanBgTextView { <init>(...); }

# Referenced at res\layout\zm_content_file_viewer.xml:100
# Referenced at res\layout\zm_pbx_content_preview.xml:67
# Referenced at res\layout\zm_share_pdf_view.xml:12
-keep class com.zipow.videobox.pdf.PDFView { <init>(...); }

# Referenced at res\layout\zm_pdf_view.xml:11
-keep class com.zipow.videobox.pdf.PDFViewPage { <init>(...); }

# Referenced at res\layout\zm_polling_result_view.xml:43
-keep class com.zipow.videobox.poll.PollingResultListView { <init>(...); }

# Referenced at res\layout\zm_sdk_mini_meeting_window.xml:7
-keep class com.zipow.videobox.sdk.MinMeetingView { <init>(...); }

# Referenced at res\layout\zm_videoview_sdk.xml:12
-keep class com.zipow.videobox.sdk.SDKShareView { <init>(...); }

# Referenced at res\layout\zm_videoview_sdk.xml:6
-keep class com.zipow.videobox.sdk.SDKVideoView { <init>(...); }

# Referenced at res\layout\zm_share_draw_view.xml:404
# Referenced at res\layout\zm_share_toolbar.xml:160
-keep class com.zipow.videobox.share.ColorSelectedImage { <init>(...); }

# Referenced at res\layout\zm_annocolorlayout.xml:90
-keep class com.zipow.videobox.share.ColorTable { <init>(...); }

# Referenced at res\layout\zm_confview.xml:427
-keep class com.zipow.videobox.share.ShareView { <init>(...); }

# Referenced at res\layout\zm_add_favorite.xml:93
-keep class com.zipow.videobox.view.AddFavoriteListView { <init>(...); }

# Referenced at res\layout\content_file_chat_list_item.xml:21
# Referenced at res\layout\fragment_add_contact.xml:45
# Referenced at res\layout\zm_add_favorite_item.xml:20
# Referenced at res\layout\zm_addrbook_item.xml:19
# Referenced at res\layout\zm_addrbook_item_details.xml:107
# Referenced at res\layout\zm_assign_host_item.xml:20
# Referenced at res\layout\zm_avatar_dialog_header.xml:20
# Referenced at res\layout\zm_call_connecting.xml:26
# Referenced at res\layout\zm_calling.xml:37
# Referenced at res\layout\zm_chat_tip.xml:16
# Referenced at res\layout\zm_conf_chat_item_private.xml:12
# Referenced at res\layout\zm_conf_chat_item_public.xml:12
# Referenced at res\layout\zm_contacts_group_item.xml:23
# Referenced at res\layout\zm_favorite_item.xml:12