sample/build/outputs/mapping/release/mapping.txt
# compiler: R8
# compiler_version: 1.6.67
# min_api: 21
# pg_map_id: 83ba23e
# common_typos_disable
...
com.google.android.material.animation.AnimatorSetCompat -> b.a.a.a.m.b:
    void playTogether(android.animation.AnimatorSet,java.util.List) -> a
com.google.android.material.animation.ArgbEvaluatorCompat -> b.a.a.a.m.c:
    com.google.android.material.animation.ArgbEvaluatorCompat instance -> a
    java.lang.Integer evaluate(float,java.lang.Integer,java.lang.Integer) -> a
    com.google.android.material.animation.ArgbEvaluatorCompat getInstance() -> a
com.google.android.material.animation.ChildrenAlphaProperty -> b.a.a.a.m.d:
    android.util.Property CHILDREN_ALPHA -> a
    java.lang.Float get(android.view.ViewGroup) -> a
    void set(android.view.ViewGroup,java.lang.Float) -> a
com.google.android.material.animation.DrawableAlphaProperty -> b.a.a.a.m.e:
    android.util.Property DRAWABLE_ALPHA_COMPAT -> b
    java.util.WeakHashMap alphaCache -> a
    java.lang.Integer get(android.graphics.drawable.Drawable) -> a
    void set(android.graphics.drawable.Drawable,java.lang.Integer) -> a
com.google.android.material.animation.ImageMatrixProperty -> b.a.a.a.m.f:
    android.graphics.Matrix matrix -> a
    android.graphics.Matrix get(android.widget.ImageView) -> a
    void set(android.widget.ImageView,android.graphics.Matrix) -> a
com.google.android.material.animation.MatrixEvaluator -> b.a.a.a.m.g:
    android.graphics.Matrix tempMatrix -> c
    float[] tempStartValues -> a
    float[] tempEndValues -> b
    android.graphics.Matrix evaluate(float,android.graphics.Matrix,android.graphics.Matrix) -> a
com.google.android.material.animation.MotionSpec -> b.a.a.a.m.h:
    androidx.collection.SimpleArrayMap timings -> a
    androidx.collection.SimpleArrayMap propertyValues -> b
    void addInfoFromAnimator(com.google.android.material.animation.MotionSpec,android.animation.Animator) -> a
    com.google.android.material.animation.MotionSpec createFromAttribute(android.content.Context,android.content.res.TypedArray,int) -> a
    com.google.android.material.animation.MotionSpec createFromResource(android.content.Context,int) -> a
    com.google.android.material.animation.MotionSpec createSpecFromAnimators(java.util.List) -> a
    com.google.android.material.animation.MotionTiming getTiming(java.lang.String) -> a
    long getTotalDuration() -> a
    void setPropertyValues(java.lang.String,android.animation.PropertyValuesHolder[]) -> a
    void setTiming(java.lang.String,com.google.android.material.animation.MotionTiming) -> a
    boolean hasTiming(java.lang.String) -> b
com.google.android.material.animation.MotionTiming -> b.a.a.a.m.i:
    android.animation.TimeInterpolator interpolator -> c
    long duration -> b
    long delay -> a
    int repeatCount -> d
    int repeatMode -> e
    void apply(android.animation.Animator) -> a
    com.google.android.material.animation.MotionTiming createFromAnimator(android.animation.ValueAnimator) -> a
    long getDelay() -> a
    long getDuration() -> b
    android.animation.TimeInterpolator getInterpolatorCompat(android.animation.ValueAnimator) -> b
    android.animation.TimeInterpolator getInterpolator() -> c
    int getRepeatCount() -> d
    int getRepeatMode() -> e
com.google.android.material.animation.Positioning -> b.a.a.a.m.j:
    float yAdjustment -> c
    float xAdjustment -> b
    int gravity -> a
com.google.android.material.animation.TransformationCallback -> b.a.a.a.m.k:
    void onScaleChanged(android.view.View) -> a
    void onTranslationChanged(android.view.View) -> b