sample/build/outputs/mapping/release/usage.txt
com.google.android.material.shape.MaterialShapeUtils:
    private void <init>()
com.google.android.flexbox.FlexWrap
androidx.core.view.NestedScrollingChild:
    public abstract void setNestedScrollingEnabled(boolean)
    public abstract boolean startNestedScroll(int)
    public abstract boolean hasNestedScrollingParent()
    public abstract boolean dispatchNestedScroll(int,int,int,int,int[])
    public abstract boolean dispatchNestedPreScroll(int,int,int[],int[])
    public abstract boolean dispatchNestedFling(float,float,boolean)
    public abstract boolean dispatchNestedPreFling(float,float)
androidx.core.view.animation.PathInterpolatorCompat
androidx.core.hardware.fingerprint.FingerprintManagerCompat$AuthenticationCallback
androidx.core.view.accessibility.AccessibilityViewCommand$MoveWindowArguments:
    public int getX()
    public int getY()
androidx.transition.TranslationAnimationCreator
androidx.recyclerview.widget.AsyncListDiffer$ListListener
sdk.android.api.org.webrtc.l$1
androidx.recyclerview.widget.MessageThreadUtil$1$1
androidx.lifecycle.R
com.revolverobotics.kubisdk.KubiSearchResult:
    public java.lang.String getMac()
androidx.viewpager2.widget.ScrollEventAdapter$ScrollEventValues
androidx.recyclerview.widget.DiffUtil$1
androidx.core.content.IntentCompat
androidx.fragment.R$style
androidx.core.database.CursorWindowCompat
androidx.annotation.InspectableProperty$FlagEntry
androidx.core.view.accessibility.AccessibilityNodeInfoCompat$RangeInfoCompat
androidx.core.widget.TextViewCompat$OreoCallback:
    private static final int MENU_ITEM_ORDER_PROCESS_TEXT_INTENT_ACTIONS_START
com.google.android.material.theme.overlay.MaterialThemeOverlay:
    private void <init>()
com.google.android.material.bottomappbar.BottomAppBar:
    public void <init>(android.content.Context)
    public void <init>(android.content.Context,android.util.AttributeSet)
    public void <init>(android.content.Context,android.util.AttributeSet,int)
    static synthetic int access$000(com.google.android.material.bottomappbar.BottomAppBar)
    static synthetic boolean access$100(com.google.android.material.bottomappbar.BottomAppBar)
    static synthetic void access$200(com.google.android.material.bottomappbar.BottomAppBar,int,boolean)
    static synthetic com.google.android.material.shape.MaterialShapeDrawable access$300(com.google.android.material.bottomappbar.BottomAppBar)
    static synthetic com.google.android.material.bottomappbar.BottomAppBarTopEdgeTreatment access$400(com.google.android.material.bottomappbar.BottomAppBar)
    static synthetic boolean access$500(com.google.android.material.bottomappbar.BottomAppBar)
    static synthetic int access$602(com.google.android.material.bottomappbar.BottomAppBar,int)
    public void performHide()
    public void performShow()
    public void replaceMenu(int)
    void addAnimationListener(com.google.android.material.bottomappbar.BottomAppBar$AnimationListener)
    void removeAnimationListener(com.google.android.material.bottomappbar.BottomAppBar$AnimationListener)
    private final boolean paddingBottomSystemWindowInsets
    private static final long ANIMATION_DURATION
    public static final int FAB_ALIGNMENT_MODE_CENTER
androidx.transition.ViewGroupUtilsApi14:
    private void <init>()
    private static final java.lang.String TAG
    private static final int LAYOUT_TRANSITION_CHANGING
com.google.android.material.internal.TextDrawableHelper:
    public boolean isTextWidthDirty()
androidx.appcompat.app.ToolbarActionBar$1
com.google.android.material.appbar.HeaderBehavior:
    private static final int INVALID_POINTER
com.google.android.material.color.MaterialColors:
    public void <init>()
    public static int layer(android.view.View,int,int)
    public static final float ALPHA_FULL
    public static final float ALPHA_MEDIUM
    public static final float ALPHA_DISABLED
    public static final float ALPHA_LOW
    public static final float ALPHA_DISABLED_LOW
androidx.appcompat.resources.R$string